0 info it worked if it ends with ok
1 verbose cli [ '/usr/local/bin/node',
1 verbose cli   '/usr/local/bin/npm',
1 verbose cli   'run',
1 verbose cli   'auto-start' ]
2 info using npm@3.10.10
3 info using node@v6.11.3
4 verbose run-script [ 'preauto-start', 'auto-start', 'postauto-start' ]
5 info lifecycle node-blog@0.0.0~preauto-start: node-blog@0.0.0
6 silly lifecycle node-blog@0.0.0~preauto-start: no script for preauto-start, continuing
7 info lifecycle node-blog@0.0.0~auto-start: node-blog@0.0.0
8 verbose lifecycle node-blog@0.0.0~auto-start: unsafe-perm in lifecycle true
9 verbose lifecycle node-blog@0.0.0~auto-start: PATH: /usr/local/lib/node_modules/npm/bin/node-gyp-bin:/Users/chenyangfan/编程/项目/practice/node-blog/node_modules/.bin:/Users/chenyangfan/.rvm/gems/ruby-2.3.1/bin:/Users/chenyangfan/.rvm/gems/ruby-2.3.1@global/bin:/Users/chenyangfan/.rvm/rubies/ruby-2.3.1/bin:/usr/local/mysql/bin:/usr/local/opt/qt@5.5/bin:/usr/local/opt/qt@5.5/bin:/usr/local/opt/qt@5.5/bin:/usr/local/opt/qt5/bin:/usr/local/opt/qt5/bin:/usr/local/bin:/usr/bin:/bin:/usr/sbin:/sbin:/Users/chenyangfan/.rvm/gems/ruby-2.3.1/bin:/Users/chenyangfan/.rvm/gems/ruby-2.3.1@global/bin:/Users/chenyangfan/.rvm/rubies/ruby-2.3.1/bin:/usr/local/mysql/bin:/usr/local/opt/qt@5.5/bin:/usr/local/opt/qt5/bin:/Users/chenyangfan/.rvm/bin
10 verbose lifecycle node-blog@0.0.0~auto-start: CWD: /Users/chenyangfan/编程/项目/practice/node-blog
11 silly lifecycle node-blog@0.0.0~auto-start: Args: [ '-c', ' ./node_modules/.bin/node-supervisor node ./bin/www' ]
12 silly lifecycle node-blog@0.0.0~auto-start: Returned: code: 1  signal: null
13 info lifecycle node-blog@0.0.0~auto-start: Failed to exec auto-start script
14 verbose stack Error: node-blog@0.0.0 auto-start: ` ./node_modules/.bin/node-supervisor node ./bin/www`
14 verbose stack Exit status 1
14 verbose stack     at EventEmitter.<anonymous> (/usr/local/lib/node_modules/npm/lib/utils/lifecycle.js:255:16)
14 verbose stack     at emitTwo (events.js:106:13)
14 verbose stack     at EventEmitter.emit (events.js:191:7)
14 verbose stack     at ChildProcess.<anonymous> (/usr/local/lib/node_modules/npm/lib/utils/spawn.js:40:14)
14 verbose stack     at emitTwo (events.js:106:13)
14 verbose stack     at ChildProcess.emit (events.js:191:7)
14 verbose stack     at maybeClose (internal/child_process.js:920:16)
14 verbose stack     at Process.ChildProcess._handle.onexit (internal/child_process.js:230:5)
15 verbose pkgid node-blog@0.0.0
16 verbose cwd /Users/chenyangfan/编程/项目/practice/node-blog
17 error Darwin 17.2.0
18 error argv "/usr/local/bin/node" "/usr/local/bin/npm" "run" "auto-start"
19 error node v6.11.3
20 error npm  v3.10.10
21 error code ELIFECYCLE
22 error node-blog@0.0.0 auto-start: ` ./node_modules/.bin/node-supervisor node ./bin/www`
22 error Exit status 1
23 error Failed at the node-blog@0.0.0 auto-start script ' ./node_modules/.bin/node-supervisor node ./bin/www'.
23 error Make sure you have the latest version of node.js and npm installed.
23 error If you do, this is most likely a problem with the node-blog package,
23 error not with npm itself.
23 error Tell the author that this fails on your system:
23 error      ./node_modules/.bin/node-supervisor node ./bin/www
23 error You can get information on how to open an issue for this project with:
23 error     npm bugs node-blog
23 error Or if that isn't available, you can get their info via:
23 error     npm owner ls node-blog
23 error There is likely additional logging output above.
24 verbose exit [ 1, true ]
